0 info it worked if it ends with ok
1 verbose cli [ 'C:\\Program Files\\nodejs\\node.exe',
1 verbose cli   'C:\\Program Files\\nodejs\\node_modules\\npm\\bin\\npm-cli.js',
1 verbose cli   'start' ]
2 info using npm@3.3.12
3 info using node@v5.4.1
4 verbose run-script [ 'prestart', 'start', 'poststart' ]
5 info lifecycle toDo-List@0.0.0~prestart: toDo-List@0.0.0
6 silly lifecycle toDo-List@0.0.0~prestart: no script for prestart, continuing
7 info lifecycle toDo-List@0.0.0~start: toDo-List@0.0.0
8 verbose lifecycle toDo-List@0.0.0~start: unsafe-perm in lifecycle true
9 verbose lifecycle toDo-List@0.0.0~start: PATH: C:\Program Files\nodejs\node_modules\npm\bin\node-gyp-bin;C:\Users\hailO\toDoList\toDo-List\node_modules\.bin;C:\Users\hailO\bin;C:\Program Files\Git\mingw64\bin;C:\Program Files\Git\usr\local\bin;C:\Program Files\Git\usr\bin;C:\Program Files\Git\usr\bin;C:\Program Files\Git\mingw64\bin;C:\Program Files\Git\usr\bin;C:\Users\hailO\bin;C:\Program Files (x86)\NVIDIA Corporation\PhysX\Common;C:\ProgramData\Oracle\Java\javapath;C:\Windows\system32;C:\Windows;C:\Windows\System32\Wbem;C:\Windows\System32\WindowsPowerShell\v1.0;C:\Program Files (x86)\ATI Technologies\ATI.ACE\Core-Static;C:\Program Files (x86)\Skype\Phone;C:\Program Files\nodejs;C:\Users\hailO\.dnx\bin;C:\Program Files\Microsoft DNX\Dnvm;C:\data\db\bin;C:\Users\hailO\toDoList\toDo-List\node_modules\static-favicon;C:\Users\hailO\AppData\Roaming\npm;C:\Program Files\Git\usr\bin\vendor_perl;C:\Program Files\Git\usr\bin\core_perl
10 verbose lifecycle toDo-List@0.0.0~start: CWD: C:\Users\hailO\toDoList\toDo-List
11 silly lifecycle toDo-List@0.0.0~start: Args: [ '/d /s /c', 'node ./bin/www' ]
12 silly lifecycle toDo-List@0.0.0~start: Returned: code: 1  signal: null
13 info lifecycle toDo-List@0.0.0~start: Failed to exec start script
14 verbose stack Error: toDo-List@0.0.0 start: `node ./bin/www`
14 verbose stack Exit status 1
14 verbose stack     at EventEmitter.<anonymous> (C:\Program Files\nodejs\node_modules\npm\lib\utils\lifecycle.js:232:16)
14 verbose stack     at emitTwo (events.js:87:13)
14 verbose stack     at EventEmitter.emit (events.js:172:7)
14 verbose stack     at ChildProcess.<anonymous> (C:\Program Files\nodejs\node_modules\npm\lib\utils\spawn.js:24:14)
14 verbose stack     at emitTwo (events.js:87:13)
14 verbose stack     at ChildProcess.emit (events.js:172:7)
14 verbose stack     at maybeClose (internal/child_process.js:821:16)
14 verbose stack     at Process.ChildProcess._handle.onexit (internal/child_process.js:211:5)
15 verbose pkgid toDo-List@0.0.0
16 verbose cwd C:\Users\hailO\toDoList\toDo-List
17 error Windows_NT 10.0.10240
18 error argv "C:\\Program Files\\nodejs\\node.exe" "C:\\Program Files\\nodejs\\node_modules\\npm\\bin\\npm-cli.js" "start"
19 error node v5.4.1
20 error npm  v3.3.12
21 error code ELIFECYCLE
22 error toDo-List@0.0.0 start: `node ./bin/www`
22 error Exit status 1
23 error Failed at the toDo-List@0.0.0 start script 'node ./bin/www'.
23 error Make sure you have the latest version of node.js and npm installed.
23 error If you do, this is most likely a problem with the toDo-List package,
23 error not with npm itself.
23 error Tell the author that this fails on your system:
23 error     node ./bin/www
23 error You can get their info via:
23 error     npm owner ls toDo-List
23 error There is likely additional logging output above.
24 verbose exit [ 1, true ]
